{"level":"warn","ts":"2022-11-23T14:56:48.069Z","caller":"server/config.go:305","msg":"WARNING: insecure default parameter value, change this for production!","param":"console.username"}
{"level":"warn","ts":"2022-11-23T14:56:48.069Z","caller":"server/config.go:309","msg":"WARNING: insecure default parameter value, change this for production!","param":"console.password"}
{"level":"warn","ts":"2022-11-23T14:56:48.070Z","caller":"server/config.go:313","msg":"WARNING: insecure default parameter value, change this for production!","param":"console.signing_key"}
{"level":"warn","ts":"2022-11-23T14:56:48.070Z","caller":"server/config.go:317","msg":"WARNING: insecure default parameter value, change this for production!","param":"socket.server_key"}
{"level":"warn","ts":"2022-11-23T14:56:48.070Z","caller":"server/config.go:321","msg":"WARNING: insecure default parameter value, change this for production!","param":"session.encryption_key"}
{"level":"warn","ts":"2022-11-23T14:56:48.070Z","caller":"server/config.go:325","msg":"WARNING: insecure default parameter value, change this for production!","param":"session.refresh_encryption_key"}
{"level":"warn","ts":"2022-11-23T14:56:48.070Z","caller":"server/config.go:329","msg":"WARNING: insecure default parameter value, change this for production!","param":"runtime.http_key"}
{"level":"fatal","ts":"2022-11-23T14:56:48.072Z","caller":"server/db.go:81","msg":"Error pinging database","error":"failed to connect to `host=localhost user=root database=nakama`: dial error (dial tcp [::1]:26257: connect: cannot assign requested address)"}
{"level":"warn","ts":"2022-11-23T15:00:53.176Z","caller":"server/config.go:305","msg":"WARNING: insecure default parameter value, change this for production!","param":"console.username"}
{"level":"warn","ts":"2022-11-23T15:00:53.176Z","caller":"server/config.go:309","msg":"WARNING: insecure default parameter value, change this for production!","param":"console.password"}
{"level":"warn","ts":"2022-11-23T15:00:53.176Z","caller":"server/config.go:313","msg":"WARNING: insecure default parameter value, change this for production!","param":"console.signing_key"}
{"level":"warn","ts":"2022-11-23T15:00:53.176Z","caller":"server/config.go:317","msg":"WARNING: insecure default parameter value, change this for production!","param":"socket.server_key"}
{"level":"warn","ts":"2022-11-23T15:00:53.176Z","caller":"server/config.go:321","msg":"WARNING: insecure default parameter value, change this for production!","param":"session.encryption_key"}
{"level":"warn","ts":"2022-11-23T15:00:53.176Z","caller":"server/config.go:325","msg":"WARNING: insecure default parameter value, change this for production!","param":"session.refresh_encryption_key"}
{"level":"warn","ts":"2022-11-23T15:00:53.177Z","caller":"server/config.go:329","msg":"WARNING: insecure default parameter value, change this for production!","param":"runtime.http_key"}
{"level":"warn","ts":"2022-11-28T20:26:48.266Z","caller":"server/config.go:305","msg":"WARNING: insecure default parameter value, change this for production!","param":"console.username"}
{"level":"warn","ts":"2022-11-28T20:26:48.266Z","caller":"server/config.go:309","msg":"WARNING: insecure default parameter value, change this for production!","param":"console.password"}
{"level":"warn","ts":"2022-11-28T20:26:48.266Z","caller":"server/config.go:313","msg":"WARNING: insecure default parameter value, change this for production!","param":"console.signing_key"}
{"level":"warn","ts":"2022-11-28T20:26:48.266Z","caller":"server/config.go:317","msg":"WARNING: insecure default parameter value, change this for production!","param":"socket.server_key"}
{"level":"warn","ts":"2022-11-28T20:26:48.266Z","caller":"server/config.go:321","msg":"WARNING: insecure default parameter value, change this for production!","param":"session.encryption_key"}
{"level":"warn","ts":"2022-11-28T20:26:48.266Z","caller":"server/config.go:325","msg":"WARNING: insecure default parameter value, change this for production!","param":"session.refresh_encryption_key"}
{"level":"warn","ts":"2022-11-28T20:26:48.266Z","caller":"server/config.go:329","msg":"WARNING: insecure default parameter value, change this for production!","param":"runtime.http_key"}
{"level":"warn","ts":"2022-11-28T20:30:54.133Z","caller":"server/config.go:305","msg":"WARNING: insecure default parameter value, change this for production!","param":"console.username"}
{"level":"warn","ts":"2022-11-28T20:30:54.133Z","caller":"server/config.go:309","msg":"WARNING: insecure default parameter value, change this for production!","param":"console.password"}
{"level":"warn","ts":"2022-11-28T20:30:54.133Z","caller":"server/config.go:313","msg":"WARNING: insecure default parameter value, change this for production!","param":"console.signing_key"}
{"level":"warn","ts":"2022-11-28T20:30:54.133Z","caller":"server/config.go:317","msg":"WARNING: insecure default parameter value, change this for production!","param":"socket.server_key"}
{"level":"warn","ts":"2022-11-28T20:30:54.133Z","caller":"server/config.go:321","msg":"WARNING: insecure default parameter value, change this for production!","param":"session.encryption_key"}
{"level":"warn","ts":"2022-11-28T20:30:54.133Z","caller":"server/config.go:325","msg":"WARNING: insecure default parameter value, change this for production!","param":"session.refresh_encryption_key"}
{"level":"warn","ts":"2022-11-28T20:30:54.133Z","caller":"server/config.go:329","msg":"WARNING: insecure default parameter value, change this for production!","param":"runtime.http_key"}
{"level":"warn","ts":"2022-11-28T20:33:24.194Z","caller":"server/config.go:305","msg":"WARNING: insecure default parameter value, change this for production!","param":"console.username"}
{"level":"warn","ts":"2022-11-28T20:33:24.194Z","caller":"server/config.go:309","msg":"WARNING: insecure default parameter value, change this for production!","param":"console.password"}
{"level":"warn","ts":"2022-11-28T20:33:24.194Z","caller":"server/config.go:313","msg":"WARNING: insecure default parameter value, change this for production!","param":"console.signing_key"}
{"level":"warn","ts":"2022-11-28T20:33:24.195Z","caller":"server/config.go:317","msg":"WARNING: insecure default parameter value, change this for production!","param":"socket.server_key"}
{"level":"warn","ts":"2022-11-28T20:33:24.195Z","caller":"server/config.go:321","msg":"WARNING: insecure default parameter value, change this for production!","param":"session.encryption_key"}
{"level":"warn","ts":"2022-11-28T20:33:24.195Z","caller":"server/config.go:325","msg":"WARNING: insecure default parameter value, change this for production!","param":"session.refresh_encryption_key"}
{"level":"warn","ts":"2022-11-28T20:33:24.195Z","caller":"server/config.go:329","msg":"WARNING: insecure default parameter value, change this for production!","param":"runtime.http_key"}
